2021-01-29 21:26:29,677 [Worker-8] INFO  o.e.m.c.i.l.LifecycleMappingFactory - Using org.maven.ide.eclipse.wtp.WarLifecycleMapping lifecycle mapping for MavenProject: in.co.rays.proj3:ORSProject3:0.0.1-SNAPSHOT @ C:\Users\ankit\Desktop\ORS3\ORSProject3\pom.xml.
2021-01-29 21:27:06,857 [Worker-5] WARN  o.e.m.c.i.embedder.EclipseLogger - Using platform encoding (Cp1252 actually) to copy filtered resources, i.e. build is platform dependent!
2021-01-29 21:27:06,915 [Worker-5] INFO  o.e.m.c.i.embedder.EclipseLogger - Copying 23 resources
2021-01-29 21:27:07,372 [Worker-5] WARN  o.e.m.c.i.embedder.EclipseLogger - Using platform encoding (Cp1252 actually) to copy filtered resources, i.e. build is platform dependent!
2021-01-29 21:27:07,412 [Worker-5] INFO  o.e.m.c.i.embedder.EclipseLogger - skip non existing resourceDirectory C:\Users\ankit\Desktop\ORS3\ORSProject3\src\test\resources
2021-01-30 18:04:12,552 [Worker-20] INFO  o.e.m.c.i.l.LifecycleMappingFactory - Using org.maven.ide.eclipse.wtp.WarLifecycleMapping lifecycle mapping for MavenProject: in.co.rays.proj3:ORSProject3:0.0.1-SNAPSHOT @ C:\Users\ankit\Desktop\ORS3\ORSProject3\pom.xml.
2021-01-30 18:05:02,512 [Worker-17] WARN  o.e.m.c.i.embedder.EclipseLogger - Using platform encoding (Cp1252 actually) to copy filtered resources, i.e. build is platform dependent!
2021-01-30 18:05:02,598 [Worker-17] INFO  o.e.m.c.i.embedder.EclipseLogger - Copying 23 resources
2021-01-30 18:05:03,070 [Worker-17] WARN  o.e.m.c.i.embedder.EclipseLogger - Using platform encoding (Cp1252 actually) to copy filtered resources, i.e. build is platform dependent!
2021-01-30 18:05:03,128 [Worker-17] INFO  o.e.m.c.i.embedder.EclipseLogger - skip non existing resourceDirectory C:\Users\ankit\Desktop\ORS3\ORSProject3\src\test\resources
2021-01-30 18:19:31,061 [Worker-30] WARN  o.e.m.c.i.embedder.EclipseLogger - Using platform encoding (Cp1252 actually) to copy filtered resources, i.e. build is platform dependent!
2021-01-30 18:19:31,074 [Worker-30] INFO  o.e.m.c.i.embedder.EclipseLogger - Copying 0 resource
2021-01-30 18:19:31,074 [Worker-30] WARN  o.e.m.c.i.embedder.EclipseLogger - Using platform encoding (Cp1252 actually) to copy filtered resources, i.e. build is platform dependent!
2021-01-30 18:19:31,085 [Worker-30] INFO  o.e.m.c.i.embedder.EclipseLogger - skip non existing resourceDirectory C:\Users\ankit\Desktop\ORS3\ORSProject3\src\test\resources
2021-01-30 18:20:01,778 [Worker-31] WARN  o.e.m.c.i.embedder.EclipseLogger - Using platform encoding (Cp1252 actually) to copy filtered resources, i.e. build is platform dependent!
2021-01-30 18:20:01,814 [Worker-31] INFO  o.e.m.c.i.embedder.EclipseLogger - Copying 23 resources
2021-01-30 18:20:01,826 [Worker-31] WARN  o.e.m.c.i.embedder.EclipseLogger - Using platform encoding (Cp1252 actually) to copy filtered resources, i.e. build is platform dependent!
2021-01-30 18:20:01,842 [Worker-31] INFO  o.e.m.c.i.embedder.EclipseLogger - skip non existing resourceDirectory C:\Users\ankit\Desktop\ORS3\ORSProject3\src\test\resources
2021-01-30 18:20:09,675 [Worker-32] WARN  o.e.m.c.i.embedder.EclipseLogger - Using platform encoding (Cp1252 actually) to copy filtered resources, i.e. build is platform dependent!
2021-01-30 18:20:09,688 [Worker-32] INFO  o.e.m.c.i.embedder.EclipseLogger - Copying 0 resource
2021-01-30 18:20:09,690 [Worker-32] WARN  o.e.m.c.i.embedder.EclipseLogger - Using platform encoding (Cp1252 actually) to copy filtered resources, i.e. build is platform dependent!
2021-01-30 18:20:09,702 [Worker-32] INFO  o.e.m.c.i.embedder.EclipseLogger - skip non existing resourceDirectory C:\Users\ankit\Desktop\ORS3\ORSProject3\src\test\resources
2021-01-30 18:29:33,341 [Worker-34] WARN  o.e.m.c.i.embedder.EclipseLogger - Using platform encoding (Cp1252 actually) to copy filtered resources, i.e. build is platform dependent!
2021-01-30 18:29:33,353 [Worker-34] INFO  o.e.m.c.i.embedder.EclipseLogger - Copying 0 resource
2021-01-30 18:29:33,354 [Worker-34] WARN  o.e.m.c.i.embedder.EclipseLogger - Using platform encoding (Cp1252 actually) to copy filtered resources, i.e. build is platform dependent!
2021-01-30 18:29:33,365 [Worker-34] INFO  o.e.m.c.i.embedder.EclipseLogger - skip non existing resourceDirectory C:\Users\ankit\Desktop\ORS3\ORSProject3\src\test\resources
2021-01-30 18:29:41,474 [Worker-35] WARN  o.e.m.c.i.embedder.EclipseLogger - Using platform encoding (Cp1252 actually) to copy filtered resources, i.e. build is platform dependent!
2021-01-30 18:29:41,490 [Worker-35] INFO  o.e.m.c.i.embedder.EclipseLogger - Copying 0 resource
2021-01-30 18:29:41,493 [Worker-35] WARN  o.e.m.c.i.embedder.EclipseLogger - Using platform encoding (Cp1252 actually) to copy filtered resources, i.e. build is platform dependent!
2021-01-30 18:29:41,509 [Worker-35] INFO  o.e.m.c.i.embedder.EclipseLogger - skip non existing resourceDirectory C:\Users\ankit\Desktop\ORS3\ORSProject3\src\test\resources
2021-01-30 20:13:20,850 [Worker-49] WARN  o.e.m.c.i.embedder.EclipseLogger - Using platform encoding (Cp1252 actually) to copy filtered resources, i.e. build is platform dependent!
2021-01-30 20:13:20,876 [Worker-49] INFO  o.e.m.c.i.embedder.EclipseLogger - Copying 23 resources
2021-01-30 20:13:20,889 [Worker-49] WARN  o.e.m.c.i.embedder.EclipseLogger - Using platform encoding (Cp1252 actually) to copy filtered resources, i.e. build is platform dependent!
2021-01-30 20:13:20,903 [Worker-49] INFO  o.e.m.c.i.embedder.EclipseLogger - skip non existing resourceDirectory C:\Users\ankit\Desktop\ORS3\ORSProject3\src\test\resources
2021-01-30 20:13:28,763 [Worker-49] WARN  o.e.m.c.i.embedder.EclipseLogger - Using platform encoding (Cp1252 actually) to copy filtered resources, i.e. build is platform dependent!
2021-01-30 20:13:28,819 [Worker-49] INFO  o.e.m.c.i.embedder.EclipseLogger - Copying 23 resources
2021-01-30 20:13:28,849 [Worker-49] WARN  o.e.m.c.i.embedder.EclipseLogger - Using platform encoding (Cp1252 actually) to copy filtered resources, i.e. build is platform dependent!
2021-01-30 20:13:28,862 [Worker-49] INFO  o.e.m.c.i.embedder.EclipseLogger - skip non existing resourceDirectory C:\Users\ankit\Desktop\ORS3\ORSProject3\src\test\resources
2021-01-30 20:14:26,280 [Worker-47] WARN  o.e.m.c.i.embedder.EclipseLogger - Using platform encoding (Cp1252 actually) to copy filtered resources, i.e. build is platform dependent!
2021-01-30 20:14:26,302 [Worker-47] INFO  o.e.m.c.i.embedder.EclipseLogger - Copying 23 resources
2021-01-30 20:14:26,313 [Worker-47] WARN  o.e.m.c.i.embedder.EclipseLogger - Using platform encoding (Cp1252 actually) to copy filtered resources, i.e. build is platform dependent!
2021-01-30 20:14:26,327 [Worker-47] INFO  o.e.m.c.i.embedder.EclipseLogger - skip non existing resourceDirectory C:\Users\ankit\Desktop\ORS3\ORSProject3\src\test\resources
2021-01-30 20:22:15,991 [Worker-55] WARN  o.e.m.c.i.embedder.EclipseLogger - Using platform encoding (Cp1252 actually) to copy filtered resources, i.e. build is platform dependent!
2021-01-30 20:22:16,013 [Worker-55] INFO  o.e.m.c.i.embedder.EclipseLogger - Copying 0 resource
2021-01-30 20:22:16,017 [Worker-55] WARN  o.e.m.c.i.embedder.EclipseLogger - Using platform encoding (Cp1252 actually) to copy filtered resources, i.e. build is platform dependent!
2021-01-30 20:22:16,033 [Worker-55] INFO  o.e.m.c.i.embedder.EclipseLogger - skip non existing resourceDirectory C:\Users\ankit\Desktop\ORS3\ORSProject3\src\test\resources
2021-02-01 22:13:33,878 [Worker-86] WARN  o.e.m.c.i.embedder.EclipseLogger - Using platform encoding (Cp1252 actually) to copy filtered resources, i.e. build is platform dependent!
2021-02-01 22:13:33,914 [Worker-86] INFO  o.e.m.c.i.embedder.EclipseLogger - Copying 0 resource
2021-02-01 22:13:33,917 [Worker-86] WARN  o.e.m.c.i.embedder.EclipseLogger - Using platform encoding (Cp1252 actually) to copy filtered resources, i.e. build is platform dependent!
2021-02-01 22:13:33,946 [Worker-86] INFO  o.e.m.c.i.embedder.EclipseLogger - skip non existing resourceDirectory C:\Users\ankit\Desktop\ORS3\ORSProject3\src\test\resources
2021-02-02 16:36:01,464 [Worker-5] WARN  o.e.m.c.i.embedder.EclipseLogger - Using platform encoding (Cp1252 actually) to copy filtered resources, i.e. build is platform dependent!
2021-02-02 16:36:01,499 [Worker-5] INFO  o.e.m.c.i.embedder.EclipseLogger - Copying 23 resources
2021-02-02 16:36:01,548 [Worker-5] WARN  o.e.m.c.i.embedder.EclipseLogger - Using platform encoding (Cp1252 actually) to copy filtered resources, i.e. build is platform dependent!
2021-02-02 16:36:01,581 [Worker-5] INFO  o.e.m.c.i.embedder.EclipseLogger - skip non existing resourceDirectory C:\Users\ankit\Desktop\ORS3\ORSProject3\src\test\resources
2021-02-02 16:37:25,666 [Worker-4] WARN  o.e.m.c.i.embedder.EclipseLogger - Using platform encoding (Cp1252 actually) to copy filtered resources, i.e. build is platform dependent!
2021-02-02 16:37:25,688 [Worker-4] INFO  o.e.m.c.i.embedder.EclipseLogger - Copying 0 resource
2021-02-02 16:37:25,689 [Worker-4] WARN  o.e.m.c.i.embedder.EclipseLogger - Using platform encoding (Cp1252 actually) to copy filtered resources, i.e. build is platform dependent!
2021-02-02 16:37:25,704 [Worker-4] INFO  o.e.m.c.i.embedder.EclipseLogger - skip non existing resourceDirectory C:\Users\ankit\Desktop\ORS3\ORSProject3\src\test\resources
2021-02-02 16:38:34,938 [Worker-12] WARN  o.e.m.c.i.embedder.EclipseLogger - Using platform encoding (Cp1252 actually) to copy filtered resources, i.e. build is platform dependent!
2021-02-02 16:38:34,953 [Worker-12] INFO  o.e.m.c.i.embedder.EclipseLogger - Copying 0 resource
2021-02-02 16:38:34,954 [Worker-12] WARN  o.e.m.c.i.embedder.EclipseLogger - Using platform encoding (Cp1252 actually) to copy filtered resources, i.e. build is platform dependent!
2021-02-02 16:38:34,970 [Worker-12] INFO  o.e.m.c.i.embedder.EclipseLogger - skip non existing resourceDirectory C:\Users\ankit\Desktop\ORS3\ORSProject3\src\test\resources
2021-02-02 16:39:18,842 [Worker-9] WARN  o.e.m.c.i.embedder.EclipseLogger - Using platform encoding (Cp1252 actually) to copy filtered resources, i.e. build is platform dependent!
2021-02-02 16:39:18,867 [Worker-9] INFO  o.e.m.c.i.embedder.EclipseLogger - Copying 0 resource
2021-02-02 16:39:18,868 [Worker-9] WARN  o.e.m.c.i.embedder.EclipseLogger - Using platform encoding (Cp1252 actually) to copy filtered resources, i.e. build is platform dependent!
2021-02-02 16:39:18,894 [Worker-9] INFO  o.e.m.c.i.embedder.EclipseLogger - skip non existing resourceDirectory C:\Users\ankit\Desktop\ORS3\ORSProject3\src\test\resources
2021-02-02 16:40:42,276 [Worker-18] WARN  o.e.m.c.i.embedder.EclipseLogger - Using platform encoding (Cp1252 actually) to copy filtered resources, i.e. build is platform dependent!
2021-02-02 16:40:42,312 [Worker-18] INFO  o.e.m.c.i.embedder.EclipseLogger - Copying 0 resource
2021-02-02 16:40:42,313 [Worker-18] WARN  o.e.m.c.i.embedder.EclipseLogger - Using platform encoding (Cp1252 actually) to copy filtered resources, i.e. build is platform dependent!
2021-02-02 16:40:42,346 [Worker-18] INFO  o.e.m.c.i.embedder.EclipseLogger - skip non existing resourceDirectory C:\Users\ankit\Desktop\ORS3\ORSProject3\src\test\resources
2021-02-02 16:41:18,182 [Worker-18] WARN  o.e.m.c.i.embedder.EclipseLogger - Using platform encoding (Cp1252 actually) to copy filtered resources, i.e. build is platform dependent!
2021-02-02 16:41:18,206 [Worker-18] INFO  o.e.m.c.i.embedder.EclipseLogger - Copying 0 resource
2021-02-02 16:41:18,208 [Worker-18] WARN  o.e.m.c.i.embedder.EclipseLogger - Using platform encoding (Cp1252 actually) to copy filtered resources, i.e. build is platform dependent!
2021-02-02 16:41:18,231 [Worker-18] INFO  o.e.m.c.i.embedder.EclipseLogger - skip non existing resourceDirectory C:\Users\ankit\Desktop\ORS3\ORSProject3\src\test\resources
2021-02-02 16:41:29,045 [Worker-18] WARN  o.e.m.c.i.embedder.EclipseLogger - Using platform encoding (Cp1252 actually) to copy filtered resources, i.e. build is platform dependent!
2021-02-02 16:41:29,083 [Worker-18] INFO  o.e.m.c.i.embedder.EclipseLogger - Copying 0 resource
2021-02-02 16:41:29,086 [Worker-18] WARN  o.e.m.c.i.embedder.EclipseLogger - Using platform encoding (Cp1252 actually) to copy filtered resources, i.e. build is platform dependent!
2021-02-02 16:41:29,117 [Worker-18] INFO  o.e.m.c.i.embedder.EclipseLogger - skip non existing resourceDirectory C:\Users\ankit\Desktop\ORS3\ORSProject3\src\test\resources
2021-02-02 16:44:45,099 [Worker-16] WARN  o.e.m.c.i.embedder.EclipseLogger - Using platform encoding (Cp1252 actually) to copy filtered resources, i.e. build is platform dependent!
2021-02-02 16:44:45,132 [Worker-16] INFO  o.e.m.c.i.embedder.EclipseLogger - Copying 0 resource
2021-02-02 16:44:45,140 [Worker-16] WARN  o.e.m.c.i.embedder.EclipseLogger - Using platform encoding (Cp1252 actually) to copy filtered resources, i.e. build is platform dependent!
2021-02-02 16:44:45,176 [Worker-16] INFO  o.e.m.c.i.embedder.EclipseLogger - skip non existing resourceDirectory C:\Users\ankit\Desktop\ORS3\ORSProject3\src\test\resources
2021-02-02 16:45:43,179 [Worker-16] WARN  o.e.m.c.i.embedder.EclipseLogger - Using platform encoding (Cp1252 actually) to copy filtered resources, i.e. build is platform dependent!
2021-02-02 16:45:43,196 [Worker-16] INFO  o.e.m.c.i.embedder.EclipseLogger - Copying 0 resource
2021-02-02 16:45:43,197 [Worker-16] WARN  o.e.m.c.i.embedder.EclipseLogger - Using platform encoding (Cp1252 actually) to copy filtered resources, i.e. build is platform dependent!
2021-02-02 16:45:43,210 [Worker-16] INFO  o.e.m.c.i.embedder.EclipseLogger - skip non existing resourceDirectory C:\Users\ankit\Desktop\ORS3\ORSProject3\src\test\resources
2021-02-02 16:51:07,555 [Worker-23] WARN  o.e.m.c.i.embedder.EclipseLogger - Using platform encoding (Cp1252 actually) to copy filtered resources, i.e. build is platform dependent!
2021-02-02 16:51:07,582 [Worker-23] INFO  o.e.m.c.i.embedder.EclipseLogger - Copying 0 resource
2021-02-02 16:51:07,585 [Worker-23] WARN  o.e.m.c.i.embedder.EclipseLogger - Using platform encoding (Cp1252 actually) to copy filtered resources, i.e. build is platform dependent!
2021-02-02 16:51:07,598 [Worker-23] INFO  o.e.m.c.i.embedder.EclipseLogger - skip non existing resourceDirectory C:\Users\ankit\Desktop\ORS3\ORSProject3\src\test\resources
2021-02-02 16:51:33,067 [Worker-24] WARN  o.e.m.c.i.embedder.EclipseLogger - Using platform encoding (Cp1252 actually) to copy filtered resources, i.e. build is platform dependent!
2021-02-02 16:51:33,082 [Worker-24] INFO  o.e.m.c.i.embedder.EclipseLogger - Copying 0 resource
2021-02-02 16:51:33,095 [Worker-24] WARN  o.e.m.c.i.embedder.EclipseLogger - Using platform encoding (Cp1252 actually) to copy filtered resources, i.e. build is platform dependent!
2021-02-02 16:51:33,120 [Worker-24] INFO  o.e.m.c.i.embedder.EclipseLogger - skip non existing resourceDirectory C:\Users\ankit\Desktop\ORS3\ORSProject3\src\test\resources
2021-02-02 16:51:42,187 [Worker-21] WARN  o.e.m.c.i.embedder.EclipseLogger - Using platform encoding (Cp1252 actually) to copy filtered resources, i.e. build is platform dependent!
2021-02-02 16:51:42,198 [Worker-21] INFO  o.e.m.c.i.embedder.EclipseLogger - Copying 0 resource
2021-02-02 16:51:42,199 [Worker-21] WARN  o.e.m.c.i.embedder.EclipseLogger - Using platform encoding (Cp1252 actually) to copy filtered resources, i.e. build is platform dependent!
2021-02-02 16:51:42,209 [Worker-21] INFO  o.e.m.c.i.embedder.EclipseLogger - skip non existing resourceDirectory C:\Users\ankit\Desktop\ORS3\ORSProject3\src\test\resources
2021-02-02 16:51:52,970 [Worker-21] WARN  o.e.m.c.i.embedder.EclipseLogger - Using platform encoding (Cp1252 actually) to copy filtered resources, i.e. build is platform dependent!
2021-02-02 16:51:52,995 [Worker-21] INFO  o.e.m.c.i.embedder.EclipseLogger - Copying 0 resource
2021-02-02 16:51:52,997 [Worker-21] WARN  o.e.m.c.i.embedder.EclipseLogger - Using platform encoding (Cp1252 actually) to copy filtered resources, i.e. build is platform dependent!
2021-02-02 16:51:53,016 [Worker-21] INFO  o.e.m.c.i.embedder.EclipseLogger - skip non existing resourceDirectory C:\Users\ankit\Desktop\ORS3\ORSProject3\src\test\resources
2021-02-02 16:56:53,747 [Worker-24] WARN  o.e.m.c.i.embedder.EclipseLogger - Using platform encoding (Cp1252 actually) to copy filtered resources, i.e. build is platform dependent!
2021-02-02 16:56:53,776 [Worker-24] INFO  o.e.m.c.i.embedder.EclipseLogger - Copying 0 resource
2021-02-02 16:56:53,778 [Worker-24] WARN  o.e.m.c.i.embedder.EclipseLogger - Using platform encoding (Cp1252 actually) to copy filtered resources, i.e. build is platform dependent!
2021-02-02 16:56:53,803 [Worker-24] INFO  o.e.m.c.i.embedder.EclipseLogger - skip non existing resourceDirectory C:\Users\ankit\Desktop\ORS3\ORSProject3\src\test\resources
2021-02-02 16:57:06,259 [Worker-26] WARN  o.e.m.c.i.embedder.EclipseLogger - Using platform encoding (Cp1252 actually) to copy filtered resources, i.e. build is platform dependent!
2021-02-02 16:57:06,270 [Worker-26] INFO  o.e.m.c.i.embedder.EclipseLogger - Copying 0 resource
2021-02-02 16:57:06,271 [Worker-26] WARN  o.e.m.c.i.embedder.EclipseLogger - Using platform encoding (Cp1252 actually) to copy filtered resources, i.e. build is platform dependent!
2021-02-02 16:57:06,281 [Worker-26] INFO  o.e.m.c.i.embedder.EclipseLogger - skip non existing resourceDirectory C:\Users\ankit\Desktop\ORS3\ORSProject3\src\test\resources
2021-02-09 19:14:46,201 [Worker-13] WARN  o.e.m.c.i.embedder.EclipseLogger - Using platform encoding (Cp1252 actually) to copy filtered resources, i.e. build is platform dependent!
2021-02-09 19:14:46,246 [Worker-13] INFO  o.e.m.c.i.embedder.EclipseLogger - Copying 23 resources
2021-02-09 19:14:46,295 [Worker-13] WARN  o.e.m.c.i.embedder.EclipseLogger - Using platform encoding (Cp1252 actually) to copy filtered resources, i.e. build is platform dependent!
2021-02-09 19:14:46,313 [Worker-13] INFO  o.e.m.c.i.embedder.EclipseLogger - skip non existing resourceDirectory C:\Users\ankit\Desktop\ORS3\ORSProject3\src\test\resources
2021-02-09 19:35:58,408 [Worker-32] WARN  o.e.m.c.i.embedder.EclipseLogger - Using platform encoding (Cp1252 actually) to copy filtered resources, i.e. build is platform dependent!
2021-02-09 19:35:58,491 [Worker-32] INFO  o.e.m.c.i.embedder.EclipseLogger - Copying 23 resources
2021-02-09 19:35:58,515 [Worker-32] WARN  o.e.m.c.i.embedder.EclipseLogger - Using platform encoding (Cp1252 actually) to copy filtered resources, i.e. build is platform dependent!
2021-02-09 19:35:58,555 [Worker-32] INFO  o.e.m.c.i.embedder.EclipseLogger - skip non existing resourceDirectory C:\Users\ankit\Desktop\ORS3\ORSProject3\src\test\resources
2021-02-09 19:41:28,375 [Worker-32] WARN  o.e.m.c.i.embedder.EclipseLogger - Using platform encoding (Cp1252 actually) to copy filtered resources, i.e. build is platform dependent!
2021-02-09 19:41:28,399 [Worker-32] INFO  o.e.m.c.i.embedder.EclipseLogger - Copying 23 resources
2021-02-09 19:41:28,412 [Worker-32] WARN  o.e.m.c.i.embedder.EclipseLogger - Using platform encoding (Cp1252 actually) to copy filtered resources, i.e. build is platform dependent!
2021-02-09 19:41:28,424 [Worker-32] INFO  o.e.m.c.i.embedder.EclipseLogger - skip non existing resourceDirectory C:\Users\ankit\Desktop\ORS3\ORSProject3\src\test\resources
2021-02-09 19:43:43,987 [Worker-34] WARN  o.e.m.c.i.embedder.EclipseLogger - Using platform encoding (Cp1252 actually) to copy filtered resources, i.e. build is platform dependent!
2021-02-09 19:43:44,008 [Worker-34] INFO  o.e.m.c.i.embedder.EclipseLogger - Copying 0 resource
2021-02-09 19:43:44,011 [Worker-34] WARN  o.e.m.c.i.embedder.EclipseLogger - Using platform encoding (Cp1252 actually) to copy filtered resources, i.e. build is platform dependent!
2021-02-09 19:43:44,027 [Worker-34] INFO  o.e.m.c.i.embedder.EclipseLogger - skip non existing resourceDirectory C:\Users\ankit\Desktop\ORS3\ORSProject3\src\test\resources
2021-02-10 19:04:26,170 [Worker-1] WARN  o.e.m.c.i.embedder.EclipseLogger - Using platform encoding (Cp1252 actually) to copy filtered resources, i.e. build is platform dependent!
2021-02-10 19:04:26,250 [Worker-1] INFO  o.e.m.c.i.embedder.EclipseLogger - Copying 23 resources
2021-02-10 19:04:26,297 [Worker-1] WARN  o.e.m.c.i.embedder.EclipseLogger - Using platform encoding (Cp1252 actually) to copy filtered resources, i.e. build is platform dependent!
2021-02-10 19:04:26,312 [Worker-1] INFO  o.e.m.c.i.embedder.EclipseLogger - skip non existing resourceDirectory C:\Users\ankit\Desktop\ORS3\ORSProject3\src\test\resources
2021-03-11 18:08:04,946 [Worker-24] WARN  o.e.m.c.i.embedder.EclipseLogger - Using platform encoding (Cp1252 actually) to copy filtered resources, i.e. build is platform dependent!
2021-03-11 18:08:05,031 [Worker-24] INFO  o.e.m.c.i.embedder.EclipseLogger - Copying 23 resources
2021-03-11 18:08:05,063 [Worker-24] WARN  o.e.m.c.i.embedder.EclipseLogger - Using platform encoding (Cp1252 actually) to copy filtered resources, i.e. build is platform dependent!
2021-03-11 18:08:05,080 [Worker-24] INFO  o.e.m.c.i.embedder.EclipseLogger - skip non existing resourceDirectory C:\Users\ankit\Desktop\ORS3\ORSProject3\src\test\resources
2021-03-11 18:14:26,615 [Worker-7] WARN  o.e.m.c.i.embedder.EclipseLogger - Using platform encoding (Cp1252 actually) to copy filtered resources, i.e. build is platform dependent!
2021-03-11 18:14:26,672 [Worker-7] INFO  o.e.m.c.i.embedder.EclipseLogger - Copying 23 resources
2021-03-11 18:14:26,747 [Worker-7] WARN  o.e.m.c.i.embedder.EclipseLogger - Using platform encoding (Cp1252 actually) to copy filtered resources, i.e. build is platform dependent!
2021-03-11 18:14:26,780 [Worker-7] INFO  o.e.m.c.i.embedder.EclipseLogger - skip non existing resourceDirectory C:\Users\ankit\Desktop\ORS3\ORSProject3\src\test\resources
2021-03-15 18:44:58,416 [Worker-7] WARN  o.e.m.c.i.embedder.EclipseLogger - Using platform encoding (Cp1252 actually) to copy filtered resources, i.e. build is platform dependent!
2021-03-15 18:44:58,491 [Worker-7] INFO  o.e.m.c.i.embedder.EclipseLogger - Copying 23 resources
2021-03-15 18:44:58,525 [Worker-7] WARN  o.e.m.c.i.embedder.EclipseLogger - Using platform encoding (Cp1252 actually) to copy filtered resources, i.e. build is platform dependent!
2021-03-15 18:44:58,561 [Worker-7] INFO  o.e.m.c.i.embedder.EclipseLogger - skip non existing resourceDirectory C:\Users\ankit\Desktop\ORS3\ORSProject3\src\test\resources
2021-03-16 19:43:54,131 [Worker-20] WARN  o.e.m.c.i.embedder.EclipseLogger - Using platform encoding (Cp1252 actually) to copy filtered resources, i.e. build is platform dependent!
2021-03-16 19:43:54,171 [Worker-20] INFO  o.e.m.c.i.embedder.EclipseLogger - Copying 23 resources
2021-03-16 19:43:54,200 [Worker-20] WARN  o.e.m.c.i.embedder.EclipseLogger - Using platform encoding (Cp1252 actually) to copy filtered resources, i.e. build is platform dependent!
2021-03-16 19:43:54,215 [Worker-20] INFO  o.e.m.c.i.embedder.EclipseLogger - skip non existing resourceDirectory C:\Users\ankit\Desktop\ORS3\ORSProject3\src\test\resources
2021-03-16 20:47:17,179 [Worker-43] WARN  o.e.m.c.i.embedder.EclipseLogger - Using platform encoding (Cp1252 actually) to copy filtered resources, i.e. build is platform dependent!
2021-03-16 20:47:17,213 [Worker-43] INFO  o.e.m.c.i.embedder.EclipseLogger - Copying 23 resources
2021-03-16 20:47:17,218 [Worker-43] WARN  o.e.m.c.i.embedder.EclipseLogger - Using platform encoding (Cp1252 actually) to copy filtered resources, i.e. build is platform dependent!
2021-03-16 20:47:17,228 [Worker-43] INFO  o.e.m.c.i.embedder.EclipseLogger - skip non existing resourceDirectory C:\Users\ankit\Desktop\ORS3\ORSProject3\src\test\resources
2021-03-16 20:48:38,690 [Worker-43] WARN  o.e.m.c.i.embedder.EclipseLogger - Using platform encoding (Cp1252 actually) to copy filtered resources, i.e. build is platform dependent!
2021-03-16 20:48:38,719 [Worker-43] INFO  o.e.m.c.i.embedder.EclipseLogger - Copying 0 resource
2021-03-16 20:48:38,721 [Worker-43] WARN  o.e.m.c.i.embedder.EclipseLogger - Using platform encoding (Cp1252 actually) to copy filtered resources, i.e. build is platform dependent!
2021-03-16 20:48:38,738 [Worker-43] INFO  o.e.m.c.i.embedder.EclipseLogger - skip non existing resourceDirectory C:\Users\ankit\Desktop\ORS3\ORSProject3\src\test\resources
2021-03-16 20:48:58,329 [Worker-48] INFO  o.e.m.c.i.p.ProjectConfigurationManager - Update started
2021-03-16 20:49:01,015 [Worker-48] INFO  o.e.m.c.i.l.LifecycleMappingFactory - Using org.maven.ide.eclipse.wtp.WarLifecycleMapping lifecycle mapping for MavenProject: in.co.rays.proj3:ORSProject3:0.0.1-SNAPSHOT @ C:\Users\ankit\Desktop\ORS3\ORSProject3\pom.xml.
2021-03-16 20:49:02,852 [Worker-48] INFO  o.e.m.j.i.AbstractJavaProjectConfigurator - Adding source folder /ORSProject3/src/main/java
2021-03-16 20:49:02,853 [Worker-48] INFO  o.e.m.j.i.AbstractJavaProjectConfigurator - Adding resource folder /ORSProject3/src/main/resources
2021-03-16 20:49:02,855 [Worker-48] INFO  o.e.m.j.i.AbstractJavaProjectConfigurator - Adding source folder /ORSProject3/src/test/java
2021-03-16 20:49:08,109 [Worker-48] INFO  o.e.m.w.i.f.ResourceFilteringBuildParticipant - Cleaning filtered folder for ORSProject3
2021-03-16 20:49:08,137 [Worker-48] INFO  o.e.m.c.i.p.ProjectConfigurationManager - Update completed: 9 sec
2021-03-16 20:49:31,809 [Worker-55] WARN  o.e.m.c.i.embedder.EclipseLogger - Using platform encoding (Cp1252 actually) to copy filtered resources, i.e. build is platform dependent!
2021-03-16 20:49:31,838 [Worker-55] INFO  o.e.m.c.i.embedder.EclipseLogger - Copying 23 resources
2021-03-16 20:49:31,961 [Worker-55] WARN  o.e.m.c.i.embedder.EclipseLogger - Using platform encoding (Cp1252 actually) to copy filtered resources, i.e. build is platform dependent!
2021-03-16 20:49:31,981 [Worker-55] INFO  o.e.m.c.i.embedder.EclipseLogger - skip non existing resourceDirectory C:\Users\ankit\Desktop\ORS3\ORSProject3\src\test\resources
2021-03-16 20:49:31,982 [Worker-55] INFO  o.e.m.w.i.f.ResourceFilteringBuildParticipant - Changed resources require a complete clean of filtered resources of ORSProject3
2021-03-16 20:49:31,984 [Worker-55] INFO  o.e.m.w.i.f.ResourceFilteringBuildParticipant - Executing resource filtering for ORSProject3
2021-03-16 20:49:31,996 [Worker-55] WARN  o.e.m.c.i.embedder.EclipseLogger - Using platform encoding (Cp1252 actually) to copy filtered resources, i.e. build is platform dependent!
2021-03-17 13:26:33,850 [Worker-9] WARN  o.e.m.c.i.embedder.EclipseLogger - Using platform encoding (Cp1252 actually) to copy filtered resources, i.e. build is platform dependent!
2021-03-17 13:26:33,931 [Worker-9] INFO  o.e.m.c.i.embedder.EclipseLogger - Copying 23 resources
2021-03-17 13:26:33,981 [Worker-9] WARN  o.e.m.c.i.embedder.EclipseLogger - Using platform encoding (Cp1252 actually) to copy filtered resources, i.e. build is platform dependent!
2021-03-17 13:26:34,020 [Worker-9] INFO  o.e.m.c.i.embedder.EclipseLogger - skip non existing resourceDirectory C:\Users\ankit\Desktop\ORS3\ORSProject3\src\test\resources
2021-03-17 16:13:47,607 [Worker-1] WARN  o.e.m.c.i.embedder.EclipseLogger - Using platform encoding (Cp1252 actually) to copy filtered resources, i.e. build is platform dependent!
2021-03-17 16:13:47,632 [Worker-1] INFO  o.e.m.c.i.embedder.EclipseLogger - Copying 23 resources
2021-03-17 16:13:47,636 [Worker-1] WARN  o.e.m.c.i.embedder.EclipseLogger - Using platform encoding (Cp1252 actually) to copy filtered resources, i.e. build is platform dependent!
2021-03-17 16:13:47,648 [Worker-1] INFO  o.e.m.c.i.embedder.EclipseLogger - skip non existing resourceDirectory C:\Users\ankit\Desktop\ORS3\ORSProject3\src\test\resources
2021-03-17 16:35:24,080 [Worker-43] WARN  o.e.m.c.i.embedder.EclipseLogger - Using platform encoding (Cp1252 actually) to copy filtered resources, i.e. build is platform dependent!
2021-03-17 16:35:24,091 [Worker-43] INFO  o.e.m.c.i.embedder.EclipseLogger - Copying 0 resource
2021-03-17 16:35:24,093 [Worker-43] WARN  o.e.m.c.i.embedder.EclipseLogger - Using platform encoding (Cp1252 actually) to copy filtered resources, i.e. build is platform dependent!
2021-03-17 16:35:24,107 [Worker-43] INFO  o.e.m.c.i.embedder.EclipseLogger - skip non existing resourceDirectory C:\Users\ankit\Desktop\ORS3\ORSProject3\src\test\resources
2021-03-21 22:02:07,159 [Worker-0] WARN  o.e.m.c.i.embedder.EclipseLogger - Using platform encoding (Cp1252 actually) to copy filtered resources, i.e. build is platform dependent!
2021-03-21 22:02:07,196 [Worker-0] INFO  o.e.m.c.i.embedder.EclipseLogger - Copying 23 resources
2021-03-21 22:02:07,226 [Worker-0] WARN  o.e.m.c.i.embedder.EclipseLogger - Using platform encoding (Cp1252 actually) to copy filtered resources, i.e. build is platform dependent!
2021-03-21 22:02:07,243 [Worker-0] INFO  o.e.m.c.i.embedder.EclipseLogger - skip non existing resourceDirectory C:\Users\ankit\Desktop\ORS3\ORSProject3\src\test\resources
2021-03-21 22:02:09,628 [Worker-18] INFO  o.e.m.c.i.p.ProjectConfigurationManager - Update started
2021-03-21 22:02:15,987 [Worker-18] INFO  o.e.m.c.i.l.LifecycleMappingFactory - Using org.maven.ide.eclipse.wtp.WarLifecycleMapping lifecycle mapping for MavenProject: in.co.rays.proj3:ORSProject3:0.0.1-SNAPSHOT @ C:\Users\ankit\Desktop\ORS3\ORSProject3\pom.xml.
2021-03-21 22:02:19,080 [Worker-18] INFO  o.e.m.j.i.AbstractJavaProjectConfigurator - Adding source folder /ORSProject3/src/main/java
2021-03-21 22:02:19,081 [Worker-18] INFO  o.e.m.j.i.AbstractJavaProjectConfigurator - Adding resource folder /ORSProject3/src/main/resources
2021-03-21 22:02:19,082 [Worker-18] INFO  o.e.m.j.i.AbstractJavaProjectConfigurator - Adding source folder /ORSProject3/src/test/java
2021-03-21 22:02:24,133 [Worker-18] INFO  o.e.m.w.i.f.ResourceFilteringBuildParticipant - Cleaning filtered folder for ORSProject3
2021-03-21 22:02:24,169 [Worker-18] INFO  o.e.m.c.i.p.ProjectConfigurationManager - Update completed: 14 sec
2021-03-21 22:02:56,048 [Worker-16] WARN  o.e.m.c.i.embedder.EclipseLogger - Using platform encoding (Cp1252 actually) to copy filtered resources, i.e. build is platform dependent!
2021-03-21 22:02:56,081 [Worker-16] INFO  o.e.m.c.i.embedder.EclipseLogger - Copying 23 resources
2021-03-21 22:02:56,363 [Worker-16] WARN  o.e.m.c.i.embedder.EclipseLogger - Using platform encoding (Cp1252 actually) to copy filtered resources, i.e. build is platform dependent!
2021-03-21 22:02:56,412 [Worker-16] INFO  o.e.m.c.i.embedder.EclipseLogger - skip non existing resourceDirectory C:\Users\ankit\Desktop\ORS3\ORSProject3\src\test\resources
2021-03-21 22:02:56,414 [Worker-16] INFO  o.e.m.w.i.f.ResourceFilteringBuildParticipant - Changed resources require a complete clean of filtered resources of ORSProject3
2021-03-21 22:02:56,419 [Worker-16] INFO  o.e.m.w.i.f.ResourceFilteringBuildParticipant - Executing resource filtering for ORSProject3
2021-03-21 22:02:56,457 [Worker-16] WARN  o.e.m.c.i.embedder.EclipseLogger - Using platform encoding (Cp1252 actually) to copy filtered resources, i.e. build is platform dependent!
2021-03-21 22:04:02,188 [main] INFO  o.e.m2e.actions.ExecutePomAction - Creating new launch configuration
2021-03-21 22:04:25,747 [Worker-3] INFO  o.e.m.i.launch.MavenLaunchDelegate - C:\Users\ankit\Desktop\ORS3\ORSProject3
2021-03-21 22:04:25,749 [Worker-3] INFO  o.e.m.i.launch.MavenLaunchDelegate -  mvn  -B -Dmaven.test.skip=true -DskipTests clean install
2021-03-21 22:09:36,916 [main] INFO  o.e.m2e.actions.ExecutePomAction - Creating new launch configuration
2021-03-21 22:09:53,052 [Worker-20] INFO  o.e.m.i.launch.MavenLaunchDelegate - C:\Users\ankit\Desktop\ORS3\ORSProject3
2021-03-21 22:09:53,053 [Worker-20] INFO  o.e.m.i.launch.MavenLaunchDelegate -  mvn  -B -Dmaven.test.skip=true -DskipTests clean install
2021-03-21 22:13:02,927 [Worker-23] WARN  o.e.m.c.i.embedder.EclipseLogger - Using platform encoding (Cp1252 actually) to copy filtered resources, i.e. build is platform dependent!
2021-03-21 22:13:02,948 [Worker-23] INFO  o.e.m.c.i.embedder.EclipseLogger - Copying 0 resource
2021-03-21 22:13:02,949 [Worker-23] WARN  o.e.m.c.i.embedder.EclipseLogger - Using platform encoding (Cp1252 actually) to copy filtered resources, i.e. build is platform dependent!
2021-03-21 22:13:02,967 [Worker-23] INFO  o.e.m.c.i.embedder.EclipseLogger - skip non existing resourceDirectory C:\Users\ankit\Desktop\ORS3\ORSProject3\src\test\resources
2021-03-21 22:22:44,569 [Worker-33] WARN  o.e.m.c.i.embedder.EclipseLogger - Using platform encoding (Cp1252 actually) to copy filtered resources, i.e. build is platform dependent!
2021-03-21 22:22:44,580 [Worker-33] INFO  o.e.m.c.i.embedder.EclipseLogger - Copying 0 resource
2021-03-21 22:22:44,582 [Worker-33] WARN  o.e.m.c.i.embedder.EclipseLogger - Using platform encoding (Cp1252 actually) to copy filtered resources, i.e. build is platform dependent!
2021-03-21 22:22:44,597 [Worker-33] INFO  o.e.m.c.i.embedder.EclipseLogger - skip non existing resourceDirectory C:\Users\ankit\Desktop\ORS3\ORSProject3\src\test\resources
2021-03-21 22:22:48,458 [Worker-31] WARN  o.e.m.c.i.embedder.EclipseLogger - Using platform encoding (Cp1252 actually) to copy filtered resources, i.e. build is platform dependent!
2021-03-21 22:22:48,483 [Worker-31] INFO  o.e.m.c.i.embedder.EclipseLogger - Copying 0 resource
2021-03-21 22:22:48,487 [Worker-31] WARN  o.e.m.c.i.embedder.EclipseLogger - Using platform encoding (Cp1252 actually) to copy filtered resources, i.e. build is platform dependent!
2021-03-21 22:22:48,511 [Worker-31] INFO  o.e.m.c.i.embedder.EclipseLogger - skip non existing resourceDirectory C:\Users\ankit\Desktop\ORS3\ORSProject3\src\test\resources
2021-03-21 22:23:30,381 [Worker-33] WARN  o.e.m.c.i.embedder.EclipseLogger - Using platform encoding (Cp1252 actually) to copy filtered resources, i.e. build is platform dependent!
2021-03-21 22:23:30,410 [Worker-33] INFO  o.e.m.c.i.embedder.EclipseLogger - Copying 0 resource
2021-03-21 22:23:30,413 [Worker-33] WARN  o.e.m.c.i.embedder.EclipseLogger - Using platform encoding (Cp1252 actually) to copy filtered resources, i.e. build is platform dependent!
2021-03-21 22:23:30,470 [Worker-33] INFO  o.e.m.c.i.embedder.EclipseLogger - skip non existing resourceDirectory C:\Users\ankit\Desktop\ORS3\ORSProject3\src\test\resources
2021-03-21 22:28:52,655 [Worker-30] WARN  o.e.m.c.i.embedder.EclipseLogger - Using platform encoding (Cp1252 actually) to copy filtered resources, i.e. build is platform dependent!
2021-03-21 22:28:52,669 [Worker-30] INFO  o.e.m.c.i.embedder.EclipseLogger - Copying 0 resource
2021-03-21 22:28:52,670 [Worker-30] WARN  o.e.m.c.i.embedder.EclipseLogger - Using platform encoding (Cp1252 actually) to copy filtered resources, i.e. build is platform dependent!
2021-03-21 22:28:52,679 [Worker-30] INFO  o.e.m.c.i.embedder.EclipseLogger - skip non existing resourceDirectory C:\Users\ankit\Desktop\ORS3\ORSProject3\src\test\resources
2021-03-21 22:29:03,523 [Worker-41] WARN  o.e.m.c.i.embedder.EclipseLogger - Using platform encoding (Cp1252 actually) to copy filtered resources, i.e. build is platform dependent!
2021-03-21 22:29:04,666 [Worker-41] INFO  o.e.m.c.i.embedder.EclipseLogger - Copying 23 resources
2021-03-21 22:29:04,836 [Worker-41] WARN  o.e.m.c.i.embedder.EclipseLogger - Using platform encoding (Cp1252 actually) to copy filtered resources, i.e. build is platform dependent!
2021-03-21 22:29:04,855 [Worker-41] INFO  o.e.m.c.i.embedder.EclipseLogger - skip non existing resourceDirectory C:\Users\ankit\Desktop\ORS3\ORSProject3\src\test\resources
2021-03-21 22:29:21,029 [Worker-42] INFO  o.e.m.c.i.p.ProjectConfigurationManager - Update started
2021-03-21 22:29:31,256 [Worker-42] INFO  o.e.m.c.i.l.LifecycleMappingFactory - Using org.maven.ide.eclipse.wtp.WarLifecycleMapping lifecycle mapping for MavenProject: in.co.rays.proj3:ORSProject3:0.0.1-SNAPSHOT @ C:\Users\ankit\Desktop\ORS3\ORSProject3\pom.xml.
2021-03-21 22:29:38,379 [Worker-42] INFO  o.e.m.j.i.AbstractJavaProjectConfigurator - Adding source folder /ORSProject3/src/main/java
2021-03-21 22:29:38,380 [Worker-42] INFO  o.e.m.j.i.AbstractJavaProjectConfigurator - Adding resource folder /ORSProject3/src/main/resources
2021-03-21 22:29:38,381 [Worker-42] INFO  o.e.m.j.i.AbstractJavaProjectConfigurator - Adding source folder /ORSProject3/src/test/java
2021-03-21 22:29:39,642 [Worker-42] INFO  o.e.m.w.i.f.ResourceFilteringBuildParticipant - Cleaning filtered folder for ORSProject3
2021-03-21 22:29:39,650 [Worker-42] INFO  o.e.m.c.i.p.ProjectConfigurationManager - Update completed: 18 sec
2021-03-21 22:29:50,030 [Worker-39] WARN  o.e.m.c.i.embedder.EclipseLogger - Using platform encoding (Cp1252 actually) to copy filtered resources, i.e. build is platform dependent!
2021-03-21 22:29:50,041 [Worker-39] INFO  o.e.m.c.i.embedder.EclipseLogger - Copying 23 resources
2021-03-21 22:29:50,146 [Worker-39] WARN  o.e.m.c.i.embedder.EclipseLogger - Using platform encoding (Cp1252 actually) to copy filtered resources, i.e. build is platform dependent!
2021-03-21 22:29:50,156 [Worker-39] INFO  o.e.m.c.i.embedder.EclipseLogger - skip non existing resourceDirectory C:\Users\ankit\Desktop\ORS3\ORSProject3\src\test\resources
2021-03-21 22:29:50,156 [Worker-39] INFO  o.e.m.w.i.f.ResourceFilteringBuildParticipant - Changed resources require a complete clean of filtered resources of ORSProject3
2021-03-21 22:29:50,156 [Worker-39] INFO  o.e.m.w.i.f.ResourceFilteringBuildParticipant - Executing resource filtering for ORSProject3
2021-03-21 22:29:50,160 [Worker-39] WARN  o.e.m.c.i.embedder.EclipseLogger - Using platform encoding (Cp1252 actually) to copy filtered resources, i.e. build is platform dependent!
2021-03-21 22:30:01,624 [main] INFO  o.e.m2e.actions.ExecutePomAction - Creating new launch configuration
2021-03-21 22:30:16,467 [Worker-39] INFO  o.e.m.i.launch.MavenLaunchDelegate - C:\Users\ankit\Desktop\ORS3\ORSProject3
2021-03-21 22:30:16,468 [Worker-39] INFO  o.e.m.i.launch.MavenLaunchDelegate -  mvn  -B -Dmaven.test.skip=true -DskipTests clean install
2021-03-21 22:31:20,889 [Worker-42] INFO  o.e.m.c.i.p.ProjectConfigurationManager - Update started
2021-03-21 22:31:21,712 [Worker-42] INFO  o.e.m.c.i.l.LifecycleMappingFactory - Using org.maven.ide.eclipse.wtp.WarLifecycleMapping lifecycle mapping for MavenProject: in.co.rays.proj3:ORSProject3:0.0.1-SNAPSHOT @ C:\Users\ankit\Desktop\ORS3\ORSProject3\pom.xml.
2021-03-21 22:31:26,476 [Worker-42] INFO  o.e.m.j.i.AbstractJavaProjectConfigurator - Adding source folder /ORSProject3/src/main/java
2021-03-21 22:31:26,477 [Worker-42] INFO  o.e.m.j.i.AbstractJavaProjectConfigurator - Adding resource folder /ORSProject3/src/main/resources
2021-03-21 22:31:26,477 [Worker-42] INFO  o.e.m.j.i.AbstractJavaProjectConfigurator - Adding source folder /ORSProject3/src/test/java
2021-03-21 22:31:27,991 [Worker-42] INFO  o.e.m.w.i.f.ResourceFilteringBuildParticipant - Cleaning filtered folder for ORSProject3
2021-03-21 22:31:27,996 [Worker-42] INFO  o.e.m.c.i.p.ProjectConfigurationManager - Update completed: 7 sec
2021-03-21 22:31:38,504 [Worker-45] WARN  o.e.m.c.i.embedder.EclipseLogger - Using platform encoding (Cp1252 actually) to copy filtered resources, i.e. build is platform dependent!
2021-03-21 22:31:38,524 [Worker-45] INFO  o.e.m.c.i.embedder.EclipseLogger - Copying 23 resources
2021-03-21 22:31:38,703 [Worker-45] WARN  o.e.m.c.i.embedder.EclipseLogger - Using platform encoding (Cp1252 actually) to copy filtered resources, i.e. build is platform dependent!
2021-03-21 22:31:38,726 [Worker-45] INFO  o.e.m.c.i.embedder.EclipseLogger - skip non existing resourceDirectory C:\Users\ankit\Desktop\ORS3\ORSProject3\src\test\resources
2021-03-21 22:31:38,728 [Worker-45] INFO  o.e.m.w.i.f.ResourceFilteringBuildParticipant - Changed resources require a complete clean of filtered resources of ORSProject3
2021-03-21 22:31:38,728 [Worker-45] INFO  o.e.m.w.i.f.ResourceFilteringBuildParticipant - Executing resource filtering for ORSProject3
2021-03-21 22:31:38,738 [Worker-45] WARN  o.e.m.c.i.embedder.EclipseLogger - Using platform encoding (Cp1252 actually) to copy filtered resources, i.e. build is platform dependent!
2021-03-21 22:43:30,174 [Worker-15] WARN  o.e.m.c.i.embedder.EclipseLogger - Using platform encoding (Cp1252 actually) to copy filtered resources, i.e. build is platform dependent!
2021-03-21 22:43:30,246 [Worker-15] INFO  o.e.m.c.i.embedder.EclipseLogger - Copying 23 resources
2021-03-21 22:43:30,280 [Worker-15] WARN  o.e.m.c.i.embedder.EclipseLogger - Using platform encoding (Cp1252 actually) to copy filtered resources, i.e. build is platform dependent!
2021-03-21 22:43:30,318 [Worker-15] INFO  o.e.m.c.i.embedder.EclipseLogger - skip non existing resourceDirectory C:\Users\ankit\Desktop\ORS3\ORSProject3\src\test\resources
2021-03-21 22:48:14,973 [main] INFO  o.e.m2e.actions.ExecutePomAction - Creating new launch configuration
2021-03-21 22:49:00,573 [main] INFO  o.e.m2e.actions.ExecutePomAction - Creating new launch configuration
2021-03-21 23:22:05,810 [Worker-33] WARN  o.e.m.c.i.embedder.EclipseLogger - Using platform encoding (Cp1252 actually) to copy filtered resources, i.e. build is platform dependent!
2021-03-21 23:22:05,837 [Worker-33] INFO  o.e.m.c.i.embedder.EclipseLogger - Copying 0 resource
2021-03-21 23:22:05,839 [Worker-33] WARN  o.e.m.c.i.embedder.EclipseLogger - Using platform encoding (Cp1252 actually) to copy filtered resources, i.e. build is platform dependent!
2021-03-21 23:22:05,852 [Worker-33] INFO  o.e.m.c.i.embedder.EclipseLogger - skip non existing resourceDirectory C:\Users\ankit\Desktop\ORS3\ORSProject3\src\test\resources
2021-03-21 23:25:19,884 [Worker-42] WARN  o.e.m.c.i.embedder.EclipseLogger - Using platform encoding (Cp1252 actually) to copy filtered resources, i.e. build is platform dependent!
2021-03-21 23:25:19,921 [Worker-42] INFO  o.e.m.c.i.embedder.EclipseLogger - Copying 0 resource
2021-03-21 23:25:19,924 [Worker-42] WARN  o.e.m.c.i.embedder.EclipseLogger - Using platform encoding (Cp1252 actually) to copy filtered resources, i.e. build is platform dependent!
2021-03-21 23:25:19,948 [Worker-42] INFO  o.e.m.c.i.embedder.EclipseLogger - skip non existing resourceDirectory C:\Users\ankit\Desktop\ORS3\ORSProject3\src\test\resources
2021-03-21 23:25:51,807 [Worker-42] WARN  o.e.m.c.i.embedder.EclipseLogger - Using platform encoding (Cp1252 actually) to copy filtered resources, i.e. build is platform dependent!
2021-03-21 23:25:51,860 [Worker-42] INFO  o.e.m.c.i.embedder.EclipseLogger - Copying 0 resource
2021-03-21 23:25:51,866 [Worker-42] WARN  o.e.m.c.i.embedder.EclipseLogger - Using platform encoding (Cp1252 actually) to copy filtered resources, i.e. build is platform dependent!
2021-03-21 23:25:51,918 [Worker-42] INFO  o.e.m.c.i.embedder.EclipseLogger - skip non existing resourceDirectory C:\Users\ankit\Desktop\ORS3\ORSProject3\src\test\resources
2021-03-21 23:27:11,046 [Worker-35] WARN  o.e.m.c.i.embedder.EclipseLogger - Using platform encoding (Cp1252 actually) to copy filtered resources, i.e. build is platform dependent!
2021-03-21 23:27:11,068 [Worker-35] INFO  o.e.m.c.i.embedder.EclipseLogger - Copying 23 resources
2021-03-21 23:27:11,075 [Worker-35] WARN  o.e.m.c.i.embedder.EclipseLogger - Using platform encoding (Cp1252 actually) to copy filtered resources, i.e. build is platform dependent!
2021-03-21 23:27:11,091 [Worker-35] INFO  o.e.m.c.i.embedder.EclipseLogger - skip non existing resourceDirectory C:\Users\ankit\Desktop\ORS3\ORSProject3\src\test\resources
2021-03-21 23:27:43,730 [Worker-43] WARN  o.e.m.c.i.embedder.EclipseLogger - Using platform encoding (Cp1252 actually) to copy filtered resources, i.e. build is platform dependent!
2021-03-21 23:27:43,753 [Worker-43] INFO  o.e.m.c.i.embedder.EclipseLogger - Copying 23 resources
2021-03-21 23:27:43,766 [Worker-43] WARN  o.e.m.c.i.embedder.EclipseLogger - Using platform encoding (Cp1252 actually) to copy filtered resources, i.e. build is platform dependent!
2021-03-21 23:27:43,795 [Worker-43] INFO  o.e.m.c.i.embedder.EclipseLogger - skip non existing resourceDirectory C:\Users\ankit\Desktop\ORS3\ORSProject3\src\test\resources
2021-03-22 00:03:44,531 [Worker-55] WARN  o.e.m.c.i.embedder.EclipseLogger - Using platform encoding (Cp1252 actually) to copy filtered resources, i.e. build is platform dependent!
2021-03-22 00:03:44,598 [Worker-55] INFO  o.e.m.c.i.embedder.EclipseLogger - Copying 0 resource
2021-03-22 00:03:44,599 [Worker-55] WARN  o.e.m.c.i.embedder.EclipseLogger - Using platform encoding (Cp1252 actually) to copy filtered resources, i.e. build is platform dependent!
2021-03-22 00:03:44,608 [Worker-55] INFO  o.e.m.c.i.embedder.EclipseLogger - skip non existing resourceDirectory C:\Users\ankit\Desktop\ORS3\ORSProject3\src\test\resources
2021-03-22 00:04:30,183 [Worker-57] WARN  o.e.m.c.i.embedder.EclipseLogger - Using platform encoding (Cp1252 actually) to copy filtered resources, i.e. build is platform dependent!
2021-03-22 00:04:30,195 [Worker-57] INFO  o.e.m.c.i.embedder.EclipseLogger - Copying 0 resource
2021-03-22 00:04:30,197 [Worker-57] WARN  o.e.m.c.i.embedder.EclipseLogger - Using platform encoding (Cp1252 actually) to copy filtered resources, i.e. build is platform dependent!
2021-03-22 00:04:30,205 [Worker-57] INFO  o.e.m.c.i.embedder.EclipseLogger - skip non existing resourceDirectory C:\Users\ankit\Desktop\ORS3\ORSProject3\src\test\resources
2021-03-22 00:05:05,682 [Worker-57] WARN  o.e.m.c.i.embedder.EclipseLogger - Using platform encoding (Cp1252 actually) to copy filtered resources, i.e. build is platform dependent!
2021-03-22 00:05:05,695 [Worker-57] INFO  o.e.m.c.i.embedder.EclipseLogger - Copying 0 resource
2021-03-22 00:05:05,698 [Worker-57] WARN  o.e.m.c.i.embedder.EclipseLogger - Using platform encoding (Cp1252 actually) to copy filtered resources, i.e. build is platform dependent!
2021-03-22 00:05:05,710 [Worker-57] INFO  o.e.m.c.i.embedder.EclipseLogger - skip non existing resourceDirectory C:\Users\ankit\Desktop\ORS3\ORSProject3\src\test\resources
2021-03-22 00:11:30,003 [Worker-60] WARN  o.e.m.c.i.embedder.EclipseLogger - Using platform encoding (Cp1252 actually) to copy filtered resources, i.e. build is platform dependent!
2021-03-22 00:11:30,017 [Worker-60] INFO  o.e.m.c.i.embedder.EclipseLogger - Copying 0 resource
2021-03-22 00:11:30,018 [Worker-60] WARN  o.e.m.c.i.embedder.EclipseLogger - Using platform encoding (Cp1252 actually) to copy filtered resources, i.e. build is platform dependent!
2021-03-22 00:11:30,025 [Worker-60] INFO  o.e.m.c.i.embedder.EclipseLogger - skip non existing resourceDirectory C:\Users\ankit\Desktop\ORS3\ORSProject3\src\test\resources
2021-03-22 00:12:58,758 [Worker-62] WARN  o.e.m.c.i.embedder.EclipseLogger - Using platform encoding (Cp1252 actually) to copy filtered resources, i.e. build is platform dependent!
2021-03-22 00:12:58,771 [Worker-62] INFO  o.e.m.c.i.embedder.EclipseLogger - Copying 0 resource
2021-03-22 00:12:58,774 [Worker-62] WARN  o.e.m.c.i.embedder.EclipseLogger - Using platform encoding (Cp1252 actually) to copy filtered resources, i.e. build is platform dependent!
2021-03-22 00:12:58,789 [Worker-62] INFO  o.e.m.c.i.embedder.EclipseLogger - skip non existing resourceDirectory C:\Users\ankit\Desktop\ORS3\ORSProject3\src\test\resources
2021-03-22 00:13:36,879 [Worker-60] WARN  o.e.m.c.i.embedder.EclipseLogger - Using platform encoding (Cp1252 actually) to copy filtered resources, i.e. build is platform dependent!
2021-03-22 00:13:36,898 [Worker-60] INFO  o.e.m.c.i.embedder.EclipseLogger - Copying 0 resource
2021-03-22 00:13:36,900 [Worker-60] WARN  o.e.m.c.i.embedder.EclipseLogger - Using platform encoding (Cp1252 actually) to copy filtered resources, i.e. build is platform dependent!
2021-03-22 00:13:36,913 [Worker-60] INFO  o.e.m.c.i.embedder.EclipseLogger - skip non existing resourceDirectory C:\Users\ankit\Desktop\ORS3\ORSProject3\src\test\resources
2021-03-22 00:14:13,290 [Worker-63] WARN  o.e.m.c.i.embedder.EclipseLogger - Using platform encoding (Cp1252 actually) to copy filtered resources, i.e. build is platform dependent!
2021-03-22 00:14:13,305 [Worker-63] INFO  o.e.m.c.i.embedder.EclipseLogger - Copying 0 resource
2021-03-22 00:14:13,306 [Worker-63] WARN  o.e.m.c.i.embedder.EclipseLogger - Using platform encoding (Cp1252 actually) to copy filtered resources, i.e. build is platform dependent!
2021-03-22 00:14:13,316 [Worker-63] INFO  o.e.m.c.i.embedder.EclipseLogger - skip non existing resourceDirectory C:\Users\ankit\Desktop\ORS3\ORSProject3\src\test\resources
2021-03-22 00:15:45,282 [Worker-62] WARN  o.e.m.c.i.embedder.EclipseLogger - Using platform encoding (Cp1252 actually) to copy filtered resources, i.e. build is platform dependent!
2021-03-22 00:15:45,295 [Worker-62] INFO  o.e.m.c.i.embedder.EclipseLogger - Copying 0 resource
2021-03-22 00:15:45,296 [Worker-62] WARN  o.e.m.c.i.embedder.EclipseLogger - Using platform encoding (Cp1252 actually) to copy filtered resources, i.e. build is platform dependent!
2021-03-22 00:15:45,311 [Worker-62] INFO  o.e.m.c.i.embedder.EclipseLogger - skip non existing resourceDirectory C:\Users\ankit\Desktop\ORS3\ORSProject3\src\test\resources
2021-03-22 00:16:36,624 [Worker-60] WARN  o.e.m.c.i.embedder.EclipseLogger - Using platform encoding (Cp1252 actually) to copy filtered resources, i.e. build is platform dependent!
2021-03-22 00:16:36,639 [Worker-60] INFO  o.e.m.c.i.embedder.EclipseLogger - Copying 0 resource
2021-03-22 00:16:36,641 [Worker-60] WARN  o.e.m.c.i.embedder.EclipseLogger - Using platform encoding (Cp1252 actually) to copy filtered resources, i.e. build is platform dependent!
2021-03-22 00:16:36,653 [Worker-60] INFO  o.e.m.c.i.embedder.EclipseLogger - skip non existing resourceDirectory C:\Users\ankit\Desktop\ORS3\ORSProject3\src\test\resources
2021-03-22 00:17:07,105 [Worker-67] WARN  o.e.m.c.i.embedder.EclipseLogger - Using platform encoding (Cp1252 actually) to copy filtered resources, i.e. build is platform dependent!
2021-03-22 00:17:07,123 [Worker-67] INFO  o.e.m.c.i.embedder.EclipseLogger - Copying 0 resource
2021-03-22 00:17:07,126 [Worker-67] WARN  o.e.m.c.i.embedder.EclipseLogger - Using platform encoding (Cp1252 actually) to copy filtered resources, i.e. build is platform dependent!
2021-03-22 00:17:07,141 [Worker-67] INFO  o.e.m.c.i.embedder.EclipseLogger - skip non existing resourceDirectory C:\Users\ankit\Desktop\ORS3\ORSProject3\src\test\resources
2021-03-22 00:17:40,267 [Worker-67] WARN  o.e.m.c.i.embedder.EclipseLogger - Using platform encoding (Cp1252 actually) to copy filtered resources, i.e. build is platform dependent!
2021-03-22 00:17:40,278 [Worker-67] INFO  o.e.m.c.i.embedder.EclipseLogger - Copying 0 resource
2021-03-22 00:17:40,282 [Worker-67] WARN  o.e.m.c.i.embedder.EclipseLogger - Using platform encoding (Cp1252 actually) to copy filtered resources, i.e. build is platform dependent!
2021-03-22 00:17:40,293 [Worker-67] INFO  o.e.m.c.i.embedder.EclipseLogger - skip non existing resourceDirectory C:\Users\ankit\Desktop\ORS3\ORSProject3\src\test\resources
2021-03-22 00:18:33,223 [Worker-62] WARN  o.e.m.c.i.embedder.EclipseLogger - Using platform encoding (Cp1252 actually) to copy filtered resources, i.e. build is platform dependent!
2021-03-22 00:18:33,239 [Worker-62] INFO  o.e.m.c.i.embedder.EclipseLogger - Copying 0 resource
2021-03-22 00:18:33,241 [Worker-62] WARN  o.e.m.c.i.embedder.EclipseLogger - Using platform encoding (Cp1252 actually) to copy filtered resources, i.e. build is platform dependent!
2021-03-22 00:18:33,257 [Worker-62] INFO  o.e.m.c.i.embedder.EclipseLogger - skip non existing resourceDirectory C:\Users\ankit\Desktop\ORS3\ORSProject3\src\test\resources
2021-03-22 00:19:07,034 [Worker-62] WARN  o.e.m.c.i.embedder.EclipseLogger - Using platform encoding (Cp1252 actually) to copy filtered resources, i.e. build is platform dependent!
2021-03-22 00:19:07,047 [Worker-62] INFO  o.e.m.c.i.embedder.EclipseLogger - Copying 0 resource
2021-03-22 00:19:07,049 [Worker-62] WARN  o.e.m.c.i.embedder.EclipseLogger - Using platform encoding (Cp1252 actually) to copy filtered resources, i.e. build is platform dependent!
2021-03-22 00:19:07,058 [Worker-62] INFO  o.e.m.c.i.embedder.EclipseLogger - skip non existing resourceDirectory C:\Users\ankit\Desktop\ORS3\ORSProject3\src\test\resources
2021-03-22 00:19:20,799 [Worker-64] WARN  o.e.m.c.i.embedder.EclipseLogger - Using platform encoding (Cp1252 actually) to copy filtered resources, i.e. build is platform dependent!
2021-03-22 00:19:20,808 [Worker-64] INFO  o.e.m.c.i.embedder.EclipseLogger - Copying 0 resource
2021-03-22 00:19:20,809 [Worker-64] WARN  o.e.m.c.i.embedder.EclipseLogger - Using platform encoding (Cp1252 actually) to copy filtered resources, i.e. build is platform dependent!
2021-03-22 00:19:20,818 [Worker-64] INFO  o.e.m.c.i.embedder.EclipseLogger - skip non existing resourceDirectory C:\Users\ankit\Desktop\ORS3\ORSProject3\src\test\resources
2021-03-22 00:19:44,773 [Worker-66] WARN  o.e.m.c.i.embedder.EclipseLogger - Using platform encoding (Cp1252 actually) to copy filtered resources, i.e. build is platform dependent!
2021-03-22 00:19:44,786 [Worker-66] INFO  o.e.m.c.i.embedder.EclipseLogger - Copying 0 resource
2021-03-22 00:19:44,787 [Worker-66] WARN  o.e.m.c.i.embedder.EclipseLogger - Using platform encoding (Cp1252 actually) to copy filtered resources, i.e. build is platform dependent!
2021-03-22 00:19:44,795 [Worker-66] INFO  o.e.m.c.i.embedder.EclipseLogger - skip non existing resourceDirectory C:\Users\ankit\Desktop\ORS3\ORSProject3\src\test\resources
2021-03-22 00:20:03,175 [Worker-71] WARN  o.e.m.c.i.embedder.EclipseLogger - Using platform encoding (Cp1252 actually) to copy filtered resources, i.e. build is platform dependent!
2021-03-22 00:20:03,189 [Worker-71] INFO  o.e.m.c.i.embedder.EclipseLogger - Copying 0 resource
2021-03-22 00:20:03,191 [Worker-71] WARN  o.e.m.c.i.embedder.EclipseLogger - Using platform encoding (Cp1252 actually) to copy filtered resources, i.e. build is platform dependent!
2021-03-22 00:20:03,203 [Worker-71] INFO  o.e.m.c.i.embedder.EclipseLogger - skip non existing resourceDirectory C:\Users\ankit\Desktop\ORS3\ORSProject3\src\test\resources
2021-03-22 00:20:45,284 [Worker-67] WARN  o.e.m.c.i.embedder.EclipseLogger - Using platform encoding (Cp1252 actually) to copy filtered resources, i.e. build is platform dependent!
2021-03-22 00:20:45,295 [Worker-67] INFO  o.e.m.c.i.embedder.EclipseLogger - Copying 0 resource
2021-03-22 00:20:45,297 [Worker-67] WARN  o.e.m.c.i.embedder.EclipseLogger - Using platform encoding (Cp1252 actually) to copy filtered resources, i.e. build is platform dependent!
2021-03-22 00:20:45,307 [Worker-67] INFO  o.e.m.c.i.embedder.EclipseLogger - skip non existing resourceDirectory C:\Users\ankit\Desktop\ORS3\ORSProject3\src\test\resources
2021-03-22 00:21:01,540 [Worker-66] WARN  o.e.m.c.i.embedder.EclipseLogger - Using platform encoding (Cp1252 actually) to copy filtered resources, i.e. build is platform dependent!
2021-03-22 00:21:01,554 [Worker-66] INFO  o.e.m.c.i.embedder.EclipseLogger - Copying 0 resource
2021-03-22 00:21:01,556 [Worker-66] WARN  o.e.m.c.i.embedder.EclipseLogger - Using platform encoding (Cp1252 actually) to copy filtered resources, i.e. build is platform dependent!
2021-03-22 00:21:01,574 [Worker-66] INFO  o.e.m.c.i.embedder.EclipseLogger - skip non existing resourceDirectory C:\Users\ankit\Desktop\ORS3\ORSProject3\src\test\resources
2021-03-22 00:21:36,419 [Worker-66] WARN  o.e.m.c.i.embedder.EclipseLogger - Using platform encoding (Cp1252 actually) to copy filtered resources, i.e. build is platform dependent!
2021-03-22 00:21:36,434 [Worker-66] INFO  o.e.m.c.i.embedder.EclipseLogger - Copying 0 resource
2021-03-22 00:21:36,435 [Worker-66] WARN  o.e.m.c.i.embedder.EclipseLogger - Using platform encoding (Cp1252 actually) to copy filtered resources, i.e. build is platform dependent!
2021-03-22 00:21:36,443 [Worker-66] INFO  o.e.m.c.i.embedder.EclipseLogger - skip non existing resourceDirectory C:\Users\ankit\Desktop\ORS3\ORSProject3\src\test\resources
2021-03-22 00:21:50,195 [Worker-67] WARN  o.e.m.c.i.embedder.EclipseLogger - Using platform encoding (Cp1252 actually) to copy filtered resources, i.e. build is platform dependent!
2021-03-22 00:21:50,207 [Worker-67] INFO  o.e.m.c.i.embedder.EclipseLogger - Copying 0 resource
2021-03-22 00:21:50,208 [Worker-67] WARN  o.e.m.c.i.embedder.EclipseLogger - Using platform encoding (Cp1252 actually) to copy filtered resources, i.e. build is platform dependent!
2021-03-22 00:21:50,220 [Worker-67] INFO  o.e.m.c.i.embedder.EclipseLogger - skip non existing resourceDirectory C:\Users\ankit\Desktop\ORS3\ORSProject3\src\test\resources
2021-03-22 00:22:17,784 [Worker-69] WARN  o.e.m.c.i.embedder.EclipseLogger - Using platform encoding (Cp1252 actually) to copy filtered resources, i.e. build is platform dependent!
2021-03-22 00:22:17,801 [Worker-69] INFO  o.e.m.c.i.embedder.EclipseLogger - Copying 0 resource
2021-03-22 00:22:17,803 [Worker-69] WARN  o.e.m.c.i.embedder.EclipseLogger - Using platform encoding (Cp1252 actually) to copy filtered resources, i.e. build is platform dependent!
2021-03-22 00:22:17,812 [Worker-69] INFO  o.e.m.c.i.embedder.EclipseLogger - skip non existing resourceDirectory C:\Users\ankit\Desktop\ORS3\ORSProject3\src\test\resources
2021-03-22 00:22:56,187 [Worker-60] WARN  o.e.m.c.i.embedder.EclipseLogger - Using platform encoding (Cp1252 actually) to copy filtered resources, i.e. build is platform dependent!
2021-03-22 00:22:56,194 [Worker-60] INFO  o.e.m.c.i.embedder.EclipseLogger - Copying 0 resource
2021-03-22 00:22:56,195 [Worker-60] WARN  o.e.m.c.i.embedder.EclipseLogger - Using platform encoding (Cp1252 actually) to copy filtered resources, i.e. build is platform dependent!
2021-03-22 00:22:56,202 [Worker-60] INFO  o.e.m.c.i.embedder.EclipseLogger - skip non existing resourceDirectory C:\Users\ankit\Desktop\ORS3\ORSProject3\src\test\resources
2021-03-22 00:23:17,457 [Worker-62] WARN  o.e.m.c.i.embedder.EclipseLogger - Using platform encoding (Cp1252 actually) to copy filtered resources, i.e. build is platform dependent!
2021-03-22 00:23:17,466 [Worker-62] INFO  o.e.m.c.i.embedder.EclipseLogger - Copying 0 resource
2021-03-22 00:23:17,468 [Worker-62] WARN  o.e.m.c.i.embedder.EclipseLogger - Using platform encoding (Cp1252 actually) to copy filtered resources, i.e. build is platform dependent!
2021-03-22 00:23:17,485 [Worker-62] INFO  o.e.m.c.i.embedder.EclipseLogger - skip non existing resourceDirectory C:\Users\ankit\Desktop\ORS3\ORSProject3\src\test\resources
2021-03-22 00:23:33,940 [Worker-68] WARN  o.e.m.c.i.embedder.EclipseLogger - Using platform encoding (Cp1252 actually) to copy filtered resources, i.e. build is platform dependent!
2021-03-22 00:23:33,951 [Worker-68] INFO  o.e.m.c.i.embedder.EclipseLogger - Copying 0 resource
2021-03-22 00:23:33,953 [Worker-68] WARN  o.e.m.c.i.embedder.EclipseLogger - Using platform encoding (Cp1252 actually) to copy filtered resources, i.e. build is platform dependent!
2021-03-22 00:23:33,965 [Worker-68] INFO  o.e.m.c.i.embedder.EclipseLogger - skip non existing resourceDirectory C:\Users\ankit\Desktop\ORS3\ORSProject3\src\test\resources
2021-03-22 00:24:06,045 [Worker-64] WARN  o.e.m.c.i.embedder.EclipseLogger - Using platform encoding (Cp1252 actually) to copy filtered resources, i.e. build is platform dependent!
2021-03-22 00:24:06,062 [Worker-64] INFO  o.e.m.c.i.embedder.EclipseLogger - Copying 0 resource
2021-03-22 00:24:06,064 [Worker-64] WARN  o.e.m.c.i.embedder.EclipseLogger - Using platform encoding (Cp1252 actually) to copy filtered resources, i.e. build is platform dependent!
2021-03-22 00:24:06,077 [Worker-64] INFO  o.e.m.c.i.embedder.EclipseLogger - skip non existing resourceDirectory C:\Users\ankit\Desktop\ORS3\ORSProject3\src\test\resources
2021-03-22 00:24:31,219 [Worker-68] WARN  o.e.m.c.i.embedder.EclipseLogger - Using platform encoding (Cp1252 actually) to copy filtered resources, i.e. build is platform dependent!
2021-03-22 00:24:31,227 [Worker-68] INFO  o.e.m.c.i.embedder.EclipseLogger - Copying 0 resource
2021-03-22 00:24:31,228 [Worker-68] WARN  o.e.m.c.i.embedder.EclipseLogger - Using platform encoding (Cp1252 actually) to copy filtered resources, i.e. build is platform dependent!
2021-03-22 00:24:31,236 [Worker-68] INFO  o.e.m.c.i.embedder.EclipseLogger - skip non existing resourceDirectory C:\Users\ankit\Desktop\ORS3\ORSProject3\src\test\resources
2021-03-22 22:29:50,464 [Worker-2] WARN  o.e.m.c.i.embedder.EclipseLogger - Using platform encoding (Cp1252 actually) to copy filtered resources, i.e. build is platform dependent!
2021-03-22 22:29:51,250 [Worker-2] INFO  o.e.m.c.i.embedder.EclipseLogger - Copying 23 resources
2021-03-22 22:29:51,564 [Worker-2] WARN  o.e.m.c.i.embedder.EclipseLogger - Using platform encoding (Cp1252 actually) to copy filtered resources, i.e. build is platform dependent!
2021-03-22 22:29:51,979 [Worker-2] INFO  o.e.m.c.i.embedder.EclipseLogger - skip non existing resourceDirectory C:\Users\ankit\Desktop\ORS3\ORSProject3\src\test\resources
2021-03-22 22:45:01,092 [Worker-33] WARN  o.e.m.c.i.embedder.EclipseLogger - Using platform encoding (Cp1252 actually) to copy filtered resources, i.e. build is platform dependent!
2021-03-22 22:45:01,115 [Worker-33] INFO  o.e.m.c.i.embedder.EclipseLogger - Copying 0 resource
2021-03-22 22:45:01,117 [Worker-33] WARN  o.e.m.c.i.embedder.EclipseLogger - Using platform encoding (Cp1252 actually) to copy filtered resources, i.e. build is platform dependent!
2021-03-22 22:45:01,133 [Worker-33] INFO  o.e.m.c.i.embedder.EclipseLogger - skip non existing resourceDirectory C:\Users\ankit\Desktop\ORS3\ORSProject3\src\test\resources
